<?xml version="1.0" encoding="UTF-8"?>
<!-- Generated by org.testng.reporters.JUnitReportReporter -->
<testsuite hostname="Laptop" failures="0" tests="2" name="Scripts.Script5" time="39.979" errors="0" timestamp="2023-12-15T11:04:13 IST" skipped="0">
  <testcase classname="Scripts.Script5" name="login" time="37.548"/>
  <system-out/>
  <testcase classname="Scripts.Script5" name="login" time="2.431"/>
  <system-out/>
</testsuite> <!-- Scripts.Script5 -->
