<?xml version="1.0" encoding="UTF-8"?>
<!-- Generated by org.testng.reporters.JUnitReportReporter -->
<testsuite hostname="Laptop" failures="0" tests="2" name="LearningConfiguration.LearningAnnotation" time="0.008" errors="0" timestamp="2023-12-15T17:40:14 IST" skipped="0">
  <testcase classname="LearningConfiguration.LearningAnnotation" name="run" time="0.005"/>
  <system-out>
from test method run  </system-out>
  <testcase classname="LearningConfiguration.LearningAnnotation" name="start" time="0.003"/>
  <system-out>
from test method start  </system-out>
</testsuite> <!-- LearningConfiguration.LearningAnnotation -->
