<?xml version="1.0" encoding="UTF-8"?>
<!-- Generated by org.testng.reporters.JUnitReportReporter -->
<testsuite hostname="Laptop" failures="0" tests="3" name="DataProvider.learningTwoDimensionalDataProvider" time="27.250" errors="0" timestamp="2023-12-19T12:07:42 IST" skipped="0">
  <testcase classname="DataProvider.learningTwoDimensionalDataProvider" name="register" time="10.248"/>
  <system-out/>
  <testcase classname="DataProvider.learningTwoDimensionalDataProvider" name="register" time="8.089"/>
  <system-out/>
  <testcase classname="DataProvider.learningTwoDimensionalDataProvider" name="register" time="8.913"/>
  <system-out/>
</testsuite> <!-- DataProvider.learningTwoDimensionalDataProvider -->
