<?xml version="1.0" encoding="UTF-8"?>
<!-- Generated by org.testng.reporters.JUnitReportReporter -->
<testsuite hostname="Laptop" failures="0" tests="2" name="Scripts.Script3" time="7.918" errors="0" timestamp="2023-12-15T11:04:13 IST" skipped="0">
  <testcase classname="Scripts.Script3" name="login" time="2.897"/>
  <system-out/>
  <testcase classname="Scripts.Script3" name="login" time="5.021"/>
  <system-out/>
</testsuite> <!-- Scripts.Script3 -->
