<?xml version="1.0" encoding="UTF-8"?>
<!-- Generated by org.testng.reporters.JUnitReportReporter -->
<testsuite hostname="Laptop" failures="0" tests="2" name="Scripts.Script1" time="169.416" errors="0" timestamp="2023-12-15T11:04:13 IST" skipped="0">
  <testcase classname="Scripts.Script1" name="login" time="131.172"/>
  <system-out/>
  <testcase classname="Scripts.Script1" name="login" time="38.244"/>
  <system-out/>
</testsuite> <!-- Scripts.Script1 -->
