<?xml version="1.0" encoding="UTF-8"?>
<!-- Generated by org.testng.reporters.JUnitReportReporter -->
<testsuite hostname="Laptop" failures="0" tests="1" name="Watch.Fossil" time="8.619" errors="0" timestamp="2023-12-14T12:21:21 IST" skipped="0">
  <testcase classname="Watch.Fossil" name="FossilWatch" time="8.619"/>
  <system-out/>
</testsuite> <!-- Watch.Fossil -->
