<?xml version="1.0" encoding="UTF-8"?>
<!-- Generated by org.testng.reporters.JUnitReportReporter -->
<testsuite hostname="Laptop" failures="0" tests="2" name="Watch.Sonata" time="19.689" errors="0" timestamp="2023-12-14T12:21:21 IST" skipped="0">
  <testcase classname="Watch.Sonata" name="SonataWatch" time="8.529"/>
  <system-out/>
  <testcase classname="Watch.Sonata" name="FireBoalt" time="11.160"/>
  <system-out/>
</testsuite> <!-- Watch.Sonata -->
