<?xml version="1.0" encoding="UTF-8"?>
<!-- Generated by org.testng.reporters.JUnitReportReporter -->
<testsuite hostname="Laptop" failures="0" tests="6" name="DataProvider.LearningDataProvider1" time="24.971" errors="0" timestamp="2023-12-18T21:39:19 IST" skipped="0">
  <testcase classname="DataProvider.LearningDataProvider1" name="UserNameTextField" time="6.923"/>
  <system-out/>
  <testcase classname="DataProvider.LearningDataProvider1" name="UserNameTextField" time="3.692"/>
  <system-out/>
  <testcase classname="DataProvider.LearningDataProvider1" name="UserNameTextField" time="3.648"/>
  <system-out/>
  <testcase classname="DataProvider.LearningDataProvider1" name="UserNameTextField" time="3.456"/>
  <system-out/>
  <testcase classname="DataProvider.LearningDataProvider1" name="UserNameTextField" time="3.588"/>
  <system-out/>
  <testcase classname="DataProvider.LearningDataProvider1" name="UserNameTextField" time="3.664"/>
  <system-out/>
</testsuite> <!-- DataProvider.LearningDataProvider1 -->
