<?xml version="1.0" encoding="UTF-8"?>
<!-- Generated by org.testng.reporters.JUnitReportReporter -->
<testsuite hostname="Laptop" failures="0" tests="2" name="LearningTestNG.HelperAttributes1" time="5.778" errors="0" timestamp="2023-12-13T17:59:29 IST" skipped="1">
  <testcase classname="LearningTestNG.HelperAttributes1" name="volvo" time="5.778"/>
  <system-out/>
  <testcase classname="LearningTestNG.HelperAttributes1" name="BMW">
    <skipped/>
  </testcase> <!-- BMW -->
  <system-out/>
</testsuite> <!-- LearningTestNG.HelperAttributes1 -->
