<?xml version="1.0" encoding="UTF-8"?>
<!-- Generated by org.testng.reporters.JUnitReportReporter -->
<testsuite hostname="Laptop" failures="0" tests="5" name="DataProvider.LearningDataProvider" time="18.162" errors="0" timestamp="2023-12-18T21:51:59 IST" skipped="0">
  <testcase classname="DataProvider.LearningDataProvider" name="testingUsernameTextField" time="3.897"/>
  <system-out/>
  <testcase classname="DataProvider.LearningDataProvider" name="testingUsernameTextField" time="4.230"/>
  <system-out/>
  <testcase classname="DataProvider.LearningDataProvider" name="testingUsernameTextField" time="3.587"/>
  <system-out/>
  <testcase classname="DataProvider.LearningDataProvider" name="testingUsernameTextField" time="3.316"/>
  <system-out/>
  <testcase classname="DataProvider.LearningDataProvider" name="testingUsernameTextField" time="3.132"/>
  <system-out/>
</testsuite> <!-- DataProvider.LearningDataProvider -->
