<?xml version="1.0" encoding="UTF-8"?>
<!-- Generated by org.testng.reporters.JUnitReportReporter -->
<testsuite hostname="Laptop" failures="0" tests="3" name="LearningTestNG.HelperAttributes2" time="0.000" errors="0" timestamp="2023-12-13T17:59:29 IST" skipped="0">
  <testcase classname="LearningTestNG.HelperAttributes2" name="add" time="0.000"/>
  <system-out>
Hi i'm from add method  </system-out>
  <testcase classname="LearningTestNG.HelperAttributes2" name="run" time="0.000"/>
  <system-out>
Hi i'm from run method  </system-out>
  <testcase classname="LearningTestNG.HelperAttributes2" name="pause" time="0.000"/>
  <system-out>
Hi i'm from pause method  </system-out>
</testsuite> <!-- LearningTestNG.HelperAttributes2 -->
