<?xml version="1.0" encoding="UTF-8"?>
<!-- Generated by org.testng.reporters.JUnitReportReporter -->
<testsuite hostname="Laptop" failures="0" tests="2" name="Scripts.Script2" time="68.325" errors="0" timestamp="2023-12-15T11:04:13 IST" skipped="0">
  <testcase classname="Scripts.Script2" name="login" time="14.889"/>
  <system-out/>
  <testcase classname="Scripts.Script2" name="login" time="53.436"/>
  <system-out/>
</testsuite> <!-- Scripts.Script2 -->
