<?xml version="1.0" encoding="UTF-8"?>
<!-- Generated by org.testng.reporters.JUnitReportReporter -->
<testsuite hostname="Laptop" failures="0" tests="2" name="DataProvider.LearningTwoDArrayDataProvider$login_detail_xlsx" time="7.704" errors="0" timestamp="2023-12-19T11:51:35 IST" skipped="0">
  <testcase classname="DataProvider.LearningTwoDArrayDataProvider$login_detail_xlsx" name="details" time="4.356"/>
  <system-out/>
  <testcase classname="DataProvider.LearningTwoDArrayDataProvider$login_detail_xlsx" name="details" time="3.348"/>
  <system-out/>
</testsuite> <!-- DataProvider.LearningTwoDArrayDataProvider$login_detail_xlsx -->
