<?xml version="1.0" encoding="UTF-8"?>
<!-- Generated by org.testng.reporters.JUnitReportReporter -->
<testsuite hostname="Laptop" failures="0" tests="2" name="Scripts.Script4" time="6.469" errors="0" timestamp="2023-12-15T11:04:13 IST" skipped="0">
  <testcase classname="Scripts.Script4" name="login" time="1.674"/>
  <system-out/>
  <testcase classname="Scripts.Script4" name="login" time="4.795"/>
  <system-out/>
</testsuite> <!-- Scripts.Script4 -->
