<?xml version="1.0" encoding="UTF-8"?>
<!-- Generated by org.testng.reporters.JUnitReportReporter -->
<testsuite hostname="Laptop" failures="0" tests="1" name="Watch.JokerAndWitch" time="19.547" errors="0" timestamp="2023-12-14T10:55:35 IST" skipped="0">
  <testcase classname="Watch.JokerAndWitch" name="Joker" time="19.547"/>
  <system-out/>
</testsuite> <!-- Watch.JokerAndWitch -->
